\BOOKMARK [0][-]{chapter.1}{Notation}{}% 1
\BOOKMARK [0][-]{chapter.2}{Probability distributions}{}% 2
\BOOKMARK [1][-]{section.2.1}{Uniform distribution}{chapter.2}% 3
\BOOKMARK [1][-]{section.2.2}{Beta distribution}{chapter.2}% 4
\BOOKMARK [1][-]{section.2.3}{Bernoulli distribution}{chapter.2}% 5
\BOOKMARK [1][-]{section.2.4}{Binomial distribution}{chapter.2}% 6
\BOOKMARK [1][-]{section.2.5}{Beta-binomial distribution}{chapter.2}% 7
\BOOKMARK [1][-]{section.2.6}{Categorical distribution}{chapter.2}% 8
\BOOKMARK [1][-]{section.2.7}{Dirichlet distribution}{chapter.2}% 9
\BOOKMARK [1][-]{section.2.8}{Multinomial distribution}{chapter.2}% 10
\BOOKMARK [1][-]{section.2.9}{Pareto distribution}{chapter.2}% 11
\BOOKMARK [1][-]{section.2.10}{Gaussian distribution}{chapter.2}% 12
\BOOKMARK [2][-]{subsection.2.10.1}{Linear Gaussian model}{section.2.10}% 13
\BOOKMARK [0][-]{chapter.3}{Bayesian parameter estimation}{}% 14
\BOOKMARK [1][-]{section.3.1}{Beta-Bernoulli model}{chapter.3}% 15
\BOOKMARK [2][-]{subsection.3.1.1}{Summary}{section.3.1}% 16
\BOOKMARK [2][-]{subsection.3.1.2}{Derivations}{section.3.1}% 17
\BOOKMARK [1][-]{section.3.2}{Beta-binomial model}{chapter.3}% 18
\BOOKMARK [2][-]{subsection.3.2.1}{Summary}{section.3.2}% 19
\BOOKMARK [2][-]{subsection.3.2.2}{Derivations}{section.3.2}% 20
\BOOKMARK [1][-]{section.3.3}{Dirichlet-categorical model}{chapter.3}% 21
\BOOKMARK [2][-]{subsection.3.3.1}{Summary}{section.3.3}% 22
\BOOKMARK [2][-]{subsection.3.3.2}{Derivations}{section.3.3}% 23
\BOOKMARK [1][-]{section.3.4}{Dirichlet-multinomial model}{chapter.3}% 24
\BOOKMARK [2][-]{subsection.3.4.1}{Summary}{section.3.4}% 25
\BOOKMARK [2][-]{subsection.3.4.2}{Derivations}{section.3.4}% 26
\BOOKMARK [1][-]{section.3.5}{Poisson-gamma model}{chapter.3}% 27
\BOOKMARK [2][-]{subsection.3.5.1}{Summary}{section.3.5}% 28
\BOOKMARK [2][-]{subsection.3.5.2}{Derivations}{section.3.5}% 29
\BOOKMARK [0][-]{chapter.4}{Advanced models}{}% 30
\BOOKMARK [1][-]{section.4.1}{Gaussian mixture model}{chapter.4}% 31
\BOOKMARK [1][-]{section.4.2}{Hidden Markov model}{chapter.4}% 32
\BOOKMARK [1][-]{section.4.3}{Linear regression}{chapter.4}% 33
\BOOKMARK [1][-]{section.4.4}{Logistic regression}{chapter.4}% 34
\BOOKMARK [1][-]{section.4.5}{Latent Dirichlet allocation}{chapter.4}% 35
\BOOKMARK [1][-]{section.4.6}{Linear dynamical systems}{chapter.4}% 36
\BOOKMARK [1][-]{section.4.7}{Principal components analysis}{chapter.4}% 37
\BOOKMARK [2][-]{subsection.4.7.1}{Classical PCA}{section.4.7}% 38
\BOOKMARK [2][-]{subsection.4.7.2}{Probabilistic PCA}{section.4.7}% 39
\BOOKMARK [1][-]{section.4.8}{Factor analysis}{chapter.4}% 40
\BOOKMARK [1][-]{section.4.9}{Independent components analysis}{chapter.4}% 41
\BOOKMARK [0][-]{chapter.5}{Sampling algorithms}{}% 42
\BOOKMARK [1][-]{section.5.1}{Introduction}{chapter.5}% 43
\BOOKMARK [1][-]{section.5.2}{Rejection sampling}{chapter.5}% 44
\BOOKMARK [2][-]{subsection.5.2.1}{Why it works?}{section.5.2}% 45
\BOOKMARK [1][-]{section.5.3}{Importance sampling}{chapter.5}% 46
\BOOKMARK [2][-]{subsection.5.3.1}{Convergence of estimator as R increases}{section.5.3}% 47
\BOOKMARK [2][-]{subsection.5.3.2}{Optimal proposal distribution}{section.5.3}% 48
\BOOKMARK [1][-]{section.5.4}{Sampling importance resampling}{chapter.5}% 49
\BOOKMARK [2][-]{subsection.5.4.1}{Why it works?}{section.5.4}% 50
\BOOKMARK [1][-]{section.5.5}{Particle filtering}{chapter.5}% 51
\BOOKMARK [2][-]{subsection.5.5.1}{Sequential importance sampling \(SIS\)}{section.5.5}% 52
\BOOKMARK [2][-]{subsection.5.5.2}{The degeneracy problem}{section.5.5}% 53
\BOOKMARK [2][-]{subsection.5.5.3}{The resampling step}{section.5.5}% 54
\BOOKMARK [2][-]{subsection.5.5.4}{Particle filter animation}{section.5.5}% 55
\BOOKMARK [2][-]{subsection.5.5.5}{The proposal distribution}{section.5.5}% 56
\BOOKMARK [1][-]{section.5.6}{Sequential Monte Carlo}{chapter.5}% 57
\BOOKMARK [1][-]{section.5.7}{Markov chain Monte Carlo methods}{chapter.5}% 58
\BOOKMARK [2][-]{subsection.5.7.1}{Definitions}{section.5.7}% 59
\BOOKMARK [2][-]{subsection.5.7.2}{Metropolis Hastings algorithm}{section.5.7}% 60
\BOOKMARK [2][-]{subsection.5.7.3}{Gibbs sampling}{section.5.7}% 61
\BOOKMARK [1][-]{section.5.8}{Particle Markov Chain Monte Carlo}{chapter.5}% 62
\BOOKMARK [2][-]{subsection.5.8.1}{Particle independent Metropolis Hastings \(PIMH\) sampler}{section.5.8}% 63
\BOOKMARK [2][-]{subsection.5.8.2}{Particle marginal Metropolis Hastings \(PMMH\) sampler}{section.5.8}% 64
\BOOKMARK [2][-]{subsection.5.8.3}{Particle Gibbs \(PG\) sampler}{section.5.8}% 65
\BOOKMARK [0][-]{chapter.6}{Nonparametric Bayesian models}{}% 66
\BOOKMARK [1][-]{section.6.1}{Gaussian process}{chapter.6}% 67
\BOOKMARK [1][-]{section.6.2}{Dirichlet process}{chapter.6}% 68
\BOOKMARK [1][-]{section.6.3}{Chinese restaurant process}{chapter.6}% 69
\BOOKMARK [1][-]{section.6.4}{Hierarchical Dirichlet process}{chapter.6}% 70
\BOOKMARK [1][-]{section.6.5}{Hierarchical Dirichlet process}{chapter.6}% 71
\BOOKMARK [1][-]{section.6.6}{Indian buffet process}{chapter.6}% 72
\BOOKMARK [1][-]{section.6.7}{Dirichlet diffusion trees}{chapter.6}% 73
\BOOKMARK [1][-]{section.6.8}{Pitman-Yor process}{chapter.6}% 74
